<?xml version="1.0" encoding="UTF-8"?>
<!-- Generated by org.testng.reporters.JUnitXMLReporter -->
<testsuite hostname="TetuanW10Dev23" ignored="0" name="Regression test" tests="8" failures="1" timestamp="2020-09-08T12:28:12 CEST" time="1172.026" errors="0">
  <testcase name="equivalenciaSolicitanteTest" time="131.12" classname="com.mcin.qa.testcases.SolicitudEquivalenciaPageTest"/>
  <testcase name="equivalenciaRepresentanteTest" time="166.748" classname="com.mcin.qa.testcases.SolicitudEquivalenciaPageTest"/>
  <testcase name="homologacionSolicitanteTest" time="123.485" classname="com.mcin.qa.testcases.SolicitudHomologacionPageTest"/>
  <testcase name="homologacionRepresentanteTest" time="0.434" classname="com.mcin.qa.testcases.SolicitudHomologacionPageTest">
    <failure type="org.openqa.selenium.NoSuchElementException" message="no such element: Unable to locate element: {&amp;quot;method&amp;quot;:&amp;quot;xpath&amp;quot;,&amp;quot;selector&amp;quot;:&amp;quot;//*[@value=&amp;quot;REPRESENTANTE&amp;quot;]&amp;quot;}
  (Session info: chrome=85.0.4183.83)
For documentation on this error, please visit: http://seleniumhq.org/exceptions/no_such_element.html
Build info: version: &amp;apos;3.6.0&amp;apos;, revision: &amp;apos;6fbf3ec767&amp;apos;, time: &amp;apos;2017-09-27T15:28:36.4Z&amp;apos;
System info: host: &amp;apos;TETUANW10DEV23&amp;apos;, ip: &amp;apos;10.100.1.26&amp;apos;, os.name: &amp;apos;Windows 10&amp;apos;, os.arch: &amp;apos;amd64&amp;apos;, os.version: &amp;apos;10.0&amp;apos;, java.version: &amp;apos;1.8.0_221&amp;apos;
Driver info: org.openqa.selenium.chrome.ChromeDriver
Capabilities [{networkConnectionEnabled=false, chrome={chromedriverVersion=85.0.4183.87 (cd6713ebf92fa1cacc0f1a598df280093af0c5d7-refs/branch-heads/4183@{#1689}), userDataDir=C:\Users\DEVELO~1\AppData\Local\Temp\scoped_dir6944_1698780434}, timeouts={implicit=0, pageLoad=300000, script=30000}, pageLoadStrategy=normal, unhandledPromptBehavior=dismiss and notify, strictFileInteractability=false, platform=WINDOWS, proxy=Proxy(), goog:chromeOptions={debuggerAddress=localhost:62058}, acceptInsecureCerts=false, browserVersion=85.0.4183.83, browserName=chrome, javascriptEnabled=true, platformName=WINDOWS, setWindowRect=true, webauthn:virtualAuthenticators=true}]
Session ID: 2bceec665df414a6aeabd83443f3bdfa
*** Element info: {Using=xpath, value=//*[@value=&amp;quot;REPRESENTANTE&amp;quot;]}">
      <![CDATA[org.openqa.selenium.NoSuchElementException: no such element: Unable to locate element: {"method":"xpath","selector":"//*[@value="REPRESENTANTE"]"}
  (Session info: chrome=85.0.4183.83)
For documentation on this error, please visit: http://seleniumhq.org/exceptions/no_such_element.html
Build info: version: '3.6.0', revision: '6fbf3ec767', time: '2017-09-27T15:28:36.4Z'
System info: host: 'TETUANW10DEV23', ip: '10.100.1.26', os.name: 'Windows 10', os.arch: 'amd64', os.version: '10.0', java.version: '1.8.0_221'
Driver info: org.openqa.selenium.chrome.ChromeDriver
Capabilities [{networkConnectionEnabled=false, chrome={chromedriverVersion=85.0.4183.87 (cd6713ebf92fa1cacc0f1a598df280093af0c5d7-refs/branch-heads/4183@{#1689}), userDataDir=C:\Users\DEVELO~1\AppData\Local\Temp\scoped_dir6944_1698780434}, timeouts={implicit=0, pageLoad=300000, script=30000}, pageLoadStrategy=normal, unhandledPromptBehavior=dismiss and notify, strictFileInteractability=false, platform=WINDOWS, proxy=Proxy(), goog:chromeOptions={debuggerAddress=localhost:62058}, acceptInsecureCerts=false, browserVersion=85.0.4183.83, browserName=chrome, javascriptEnabled=true, platformName=WINDOWS, setWindowRect=true, webauthn:virtualAuthenticators=true}]
Session ID: 2bceec665df414a6aeabd83443f3bdfa
*** Element info: {Using=xpath, value=//*[@value="REPRESENTANTE"]}
at org.openqa.selenium.remote.http.W3CHttpResponseCodec.createException(W3CHttpResponseCodec.java:185)
at org.openqa.selenium.remote.http.W3CHttpResponseCodec.decode(W3CHttpResponseCodec.java:120)
at org.openqa.selenium.remote.http.W3CHttpResponseCodec.decode(W3CHttpResponseCodec.java:49)
at org.openqa.selenium.remote.HttpCommandExecutor.execute(HttpCommandExecutor.java:164)
at org.openqa.selenium.remote.service.DriverCommandExecutor.execute(DriverCommandExecutor.java:83)
at org.openqa.selenium.remote.RemoteWebDriver.execute(RemoteWebDriver.java:586)
at org.openqa.selenium.remote.RemoteWebDriver.findElement(RemoteWebDriver.java:356)
at org.openqa.selenium.remote.RemoteWebDriver.findElementByXPath(RemoteWebDriver.java:458)
at org.openqa.selenium.By$ByXPath.findElement(By.java:361)
at org.openqa.selenium.remote.RemoteWebDriver.findElement(RemoteWebDriver.java:348)
at org.openqa.selenium.support.events.EventFiringWebDriver$2.invoke(EventFiringWebDriver.java:109)
at com.sun.proxy.$Proxy7.findElement(Unknown Source)
at org.openqa.selenium.support.events.EventFiringWebDriver.findElement(EventFiringWebDriver.java:193)
at com.mcin.qa.pages.SolicitudHomologacionPage.clickOnUsuarioRepresentante(SolicitudHomologacionPage.java:183)
at com.mcin.qa.pages.SolicitudHomologacionPage.fillTabDatosRelativosAlProcedimientoParaRepresentante(SolicitudHomologacionPage.java:239)
at com.mcin.qa.testcases.SolicitudHomologacionPageTest.homologacionRepresentanteTest(SolicitudHomologacionPageTest.java:34)
at java.util.ArrayList.forEach(ArrayList.java:1257)
... Removed 34 stack frames]]>
    </failure>
  </testcase> <!-- homologacionRepresentanteTest -->
  <testcase name="acreditacionSolicitanteTest" time="118.088" classname="com.mcin.qa.testcases.SolicitudAcreditacionPageTest"/>
  <testcase name="acreditacionRepresentanteTest" time="145.532" classname="com.mcin.qa.testcases.SolicitudAcreditacionPageTest"/>
  <testcase name="reconocimientoSolicitanteTest" time="105.535" classname="com.mcin.qa.testcases.SolicitudReconocimientoPageTest"/>
  <testcase name="reconocimientoRepresentanteTest" time="135.292" classname="com.mcin.qa.testcases.SolicitudReconocimientoPageTest"/>
</testsuite> <!-- Regression test -->
